<?xml version="1.0" encoding="UTF-8"?>
<!-- Generated by org.testng.reporters.JUnitReportReporter -->
<testsuite skipped="0" hostname="A164DESK" name="com.Hello.Login.LoginDetails" tests="1" failures="0" timestamp="19 Jun 2018 12:47:31 GMT" time="11.426" errors="0">
  <testcase name="initBrowser" time="11.426" classname="com.Hello.Login.LoginDetails"/>
</testsuite> <!-- com.Hello.Login.LoginDetails -->
